<?xml version="1.0" encoding="UTF-8"?>
<testsuite name="Gear Test"
           tests="2"
           failures="0"
           errors="0"
           skipped="0"
           time="8.163">
  <properties />
  
  
            <testcase name="verifyTheSortByPriceFilter" time="4.348" classname="com.Softwretestingboard.magneto.testsuite.WomenTest" />
                <testcase name="verifyTheSortByProductNameFilter" time="3.815" classname="com.Softwretestingboard.magneto.testsuite.WomenTest" />
      
</testsuite>
